<?xml version="1.0" encoding="UTF-8"?>
<testsuite xmlns:xsi="http://www.w3.org/2001/XMLSchema-instance" xsi:schemaLocation="https://maven.apache.org/surefire/maven-surefire-plugin/xsd/surefire-test-report.xsd" name="TestSuite" time="39.3" tests="1" errors="0" skipped="0" failures="0">
  <properties>
    <property name="java.vendor" value="Oracle Corporation"/>
    <property name="JOB_NAME" value="25july"/>
    <property name="sun.java.launcher" value="SUN_STANDARD"/>
    <property name="NUMBER_OF_PROCESSORS" value="4"/>
    <property name="sun.management.compiler" value="HotSpot 64-Bit Tiered Compilers"/>
    <property name="JENKINS_HOME" value="C:\Users\The Lord\.jenkins"/>
    <property name="FPS_BROWSER_USER_PROFILE_STRING" value="Default"/>
    <property name="HUDSON_SERVER_COOKIE" value="701da1d29eca4096"/>
    <property name="POM_ARTIFACTID" value="Test1"/>
    <property name="os.name" value="Windows 10"/>
    <property name="sun.boot.class.path" value="C:\Program Files\Java\jdk\lib\resources.jar;C:\Program Files\Java\jdk\lib\rt.jar;C:\Program Files\Java\jdk\lib\sunrsasign.jar;C:\Program Files\Java\jdk\lib\jsse.jar;C:\Program Files\Java\jdk\lib\jce.jar;C:\Program Files\Java\jdk\lib\charsets.jar;C:\Program Files\Java\jdk\lib\jfr.jar;C:\Program Files\Java\jdk\classes"/>
    <property name="EXECUTOR_NUMBER" value="1"/>
    <property name="sun.desktop" value="windows"/>
    <property name="PATHEXT" value=".COM;.EXE;.BAT;.CMD;.VBS;.VBE;.JS;.JSE;.WSF;.WSH;.MSC"/>
    <property name="java.vm.specification.vendor" value="Oracle Corporation"/>
    <property name="POM_DISPLAYNAME" value="Test1"/>
    <property name="APPDIR_PATH" value="C:\Users\The Lord\AppData\Roaming\Free Snipping Tool\"/>
    <property name="NODE_LABELS" value="master"/>
    <property name="TEMP" value="C:\Users\THELOR~1\AppData\Local\Temp"/>
    <property name="java.runtime.version" value="1.8.0_231-b11"/>
    <property name="FPS_BROWSER_APP_PROFILE_STRING" value="Internet Explorer"/>
    <property name="user.name" value="The Lord"/>
    <property name="guice.disable.misplaced.annotation.check" value="true"/>
    <property name="CommonProgramW6432" value="C:\Program Files\Common Files"/>
    <property name="ProgramFiles" value="C:\Program Files"/>
    <property name="PROMPT" value="$P$G"/>
    <property name="user.language" value="en"/>
    <property name="JOB_BASE_NAME" value="25july"/>
    <property name="RUN_CHANGES_DISPLAY_URL" value="http://localhost:8080/job/25july/16/display/redirect?page=changes"/>
    <property name="BUILD_DISPLAY_NAME" value="#16"/>
    <property name="OneDrive" value="C:\Users\The Lord\OneDrive"/>
    <property name="sun.boot.library.path" value="C:\Program Files\Java\jdk\bin"/>
    <property name="LOCALAPPDATA" value="C:\Users\The Lord\AppData\Local"/>
    <property name="java.version" value="1.8.0_231"/>
    <property name="PROCESSOR_LEVEL" value="6"/>
    <property name="user.timezone" value="Asia/Calcutta"/>
    <property name="USERNAME" value="The Lord"/>
    <property name="sun.arch.data.model" value="64"/>
    <property name="NODE_NAME" value="master"/>
    <property name="OneDriveConsumer" value="C:\Users\The Lord\OneDrive"/>
    <property name="java.endorsed.dirs" value="C:\Program Files\Java\jdk\lib\endorsed"/>
    <property name="BUILD_ID" value="16"/>
    <property name="sun.cpu.isalist" value="amd64"/>
    <property name="sun.jnu.encoding" value="Cp1252"/>
    <property name="file.encoding.pkg" value="sun.io"/>
    <property name="file.separator" value="\"/>
    <property name="java.specification.name" value="Java Platform API Specification"/>
    <property name="HOMEDRIVE" value="C:"/>
    <property name="maven.conf" value="C:\Users\The Lord\.jenkins\tools\hudson.tasks.Maven_MavenInstallation\F_Pratibha_seleniumandRestAssuredandAPI_apache-maven-3.6.3-bin_apache-maven-3.6.3\conf"/>
    <property name="java.class.version" value="52.0"/>
    <property name="=::" value="::\"/>
    <property name="org.slf4j.simpleLogger.defaultLogLevel" value="info"/>
    <property name="JRE_HOME" value="C:\Program Files\Java\jre1.8.0_221\bin"/>
    <property name="user.country" value="US"/>
    <property name="ALLUSERSPROFILE" value="C:\ProgramData"/>
    <property name="java.home" value="C:\Program Files\Java\jdk"/>
    <property name="java.vm.info" value="mixed mode"/>
    <property name="os.version" value="10.0"/>
    <property name="RUN_DISPLAY_URL" value="http://localhost:8080/job/25july/16/display/redirect"/>
    <property name="POM_VERSION" value="0.0.1-SNAPSHOT"/>
    <property name="TMP" value="C:\Users\THELOR~1\AppData\Local\Temp"/>
    <property name="path.separator" value=";"/>
    <property name="java.vm.version" value="25.231-b11"/>
    <property name="user.variant" value=""/>
    <property name="JOB_DISPLAY_URL" value="http://localhost:8080/job/25july/display/redirect"/>
    <property name="CommonProgramFiles(x86)" value="C:\Program Files (x86)\Common Files"/>
    <property name="USERDOMAIN_ROAMINGPROFILE" value="DESKTOP-PGAU3N8"/>
    <property name="java.awt.printerjob" value="sun.awt.windows.WPrinterJob"/>
    <property name="JAVA_HOME" value="C:\Program Files\Java\jdk1.8.0_231"/>
    <property name="sun.io.unicode.encoding" value="UnicodeLittle"/>
    <property name="CommonProgramFiles" value="C:\Program Files\Common Files"/>
    <property name="ComSpec" value="C:\Windows\system32\cmd.exe"/>
    <property name="awt.toolkit" value="sun.awt.windows.WToolkit"/>
    <property name="HOMEPATH" value="\Users\The Lord"/>
    <property name="POM_PACKAGING" value="jar"/>
    <property name="user.script" value=""/>
    <property name="COMPUTERNAME" value="DESKTOP-PGAU3N8"/>
    <property name="GOOGLE_API_KEY" value="no"/>
    <property name="GOOGLE_DEFAULT_CLIENT_SECRET" value="no"/>
    <property name="POM_GROUPID" value="com.qa.proj1"/>
    <property name="user.home" value="C:\Users\The Lord"/>
    <property name="PUBLIC" value="C:\Users\Public"/>
    <property name="BUILD_TAG" value="jenkins-25july-16"/>
    <property name="JENKINS_SERVER_COOKIE" value="701da1d29eca4096"/>
    <property name="=E:" value="E:\work_data"/>
    <property name="HUDSON_URL" value="http://localhost:8080/"/>
    <property name="ProgramData" value="C:\ProgramData"/>
    <property name="java.specification.vendor" value="Oracle Corporation"/>
    <property name="USERPROFILE" value="C:\Users\The Lord"/>
    <property name="CLASSPATH" value=""/>
    <property name="java.vendor.url" value="http://java.oracle.com/"/>
    <property name="java.library.path" value="C:\Program Files (x86)\Common Files\Oracle\Java\javapath;C:\Windows\Sun\Java\bin;C:\Windows\system32;C:\Windows;C:\Users\The Lord\.jenkins\tools\hudson.tasks.Maven_MavenInstallation\F_Pratibha_seleniumandRestAssuredandAPI_apache-maven-3.6.3-bin_apache-maven-3.6.3/bin;C:\Program Files (x86)\Common Files\Oracle\Java\javapath;C:\Windows\system32;C:\Windows;C:\Windows\System32\Wbem;C:\Windows\System32\WindowsPowerShell\v1.0\;C:\Program Files\Java\jdk1.8.0_231;F:\Pratibha_seleniumandRestAssuredandAPI\apache-maven-3.6.3-bin\apache-maven-3.6.3\bin;C:\Users\The Lord\Git\Git\cmd;;."/>
    <property name="java.vm.vendor" value="Oracle Corporation"/>
    <property name="APPDATA" value="C:\Users\The Lord\AppData\Roaming"/>
    <property name="java.runtime.name" value="Java(TM) SE Runtime Environment"/>
    <property name="maven.home" value="C:\Users\The Lord\.jenkins\tools\hudson.tasks.Maven_MavenInstallation\F_Pratibha_seleniumandRestAssuredandAPI_apache-maven-3.6.3-bin_apache-maven-3.6.3"/>
    <property name="java.class.path" value="C:\Users\The Lord\.jenkins\plugins\maven-plugin\WEB-INF\lib\maven35-agent-1.13.jar;C:\Users\The Lord\.jenkins\tools\hudson.tasks.Maven_MavenInstallation\F_Pratibha_seleniumandRestAssuredandAPI_apache-maven-3.6.3-bin_apache-maven-3.6.3\boot\plexus-classworlds-2.6.0.jar;C:\Users\The Lord\.jenkins\tools\hudson.tasks.Maven_MavenInstallation\F_Pratibha_seleniumandRestAssuredandAPI_apache-maven-3.6.3-bin_apache-maven-3.6.3/conf/logging"/>
    <property name="sun.java.command" value="jenkins.maven3.agent.Maven35Main C:\Users\The Lord\.jenkins\tools\hudson.tasks.Maven_MavenInstallation\F_Pratibha_seleniumandRestAssuredandAPI_apache-maven-3.6.3-bin_apache-maven-3.6.3 C:\Users\The Lord\.jenkins\war\WEB-INF\lib\remoting-3.33.jar C:\Users\The Lord\.jenkins\plugins\maven-plugin\WEB-INF\lib\maven35-interceptor-1.13.jar C:\Users\The Lord\.jenkins\plugins\maven-plugin\WEB-INF\lib\maven3-interceptor-commons-1.13.jar 57484"/>
    <property name="Path" value="C:\Program Files (x86)\Common Files\Oracle\Java\javapath;C:\Windows\system32;C:\Windows;C:\Windows\System32\Wbem;C:\Windows\System32\WindowsPowerShell\v1.0\;C:\Program Files\Java\jdk1.8.0_231;F:\Pratibha_seleniumandRestAssuredandAPI\apache-maven-3.6.3-bin\apache-maven-3.6.3\bin;C:\Users\The Lord\Git\Git\cmd;"/>
    <property name="java.vm.specification.name" value="Java Virtual Machine Specification"/>
    <property name="PROCESSOR_ARCHITECTURE" value="AMD64"/>
    <property name="PROCESSOR_IDENTIFIER" value="Intel64 Family 6 Model 69 Stepping 1, GenuineIntel"/>
    <property name="SESSIONNAME" value="Console"/>
    <property name="java.vm.specification.version" value="1.8"/>
    <property name="sun.os.patch.level" value=""/>
    <property name="sun.cpu.endian" value="little"/>
    <property name="M2_HOME" value="C:\Users\The Lord\.jenkins\tools\hudson.tasks.Maven_MavenInstallation\F_Pratibha_seleniumandRestAssuredandAPI_apache-maven-3.6.3-bin_apache-maven-3.6.3"/>
    <property name="java.io.tmpdir" value="C:\Users\THELOR~1\AppData\Local\Temp\"/>
    <property name="OS" value="Windows_NT"/>
    <property name="HUDSON_HOME" value="C:\Users\The Lord\.jenkins"/>
    <property name="PATH+MAVEN" value="C:\Users\The Lord\.jenkins\tools\hudson.tasks.Maven_MavenInstallation\F_Pratibha_seleniumandRestAssuredandAPI_apache-maven-3.6.3-bin_apache-maven-3.6.3/bin"/>
    <property name="ProgramFiles(x86)" value="C:\Program Files (x86)"/>
    <property name="BUILD_URL" value="http://localhost:8080/job/25july/16/"/>
    <property name="java.vendor.url.bug" value="http://bugreport.sun.com/bugreport/"/>
    <property name="java.awt.graphicsenv" value="sun.awt.Win32GraphicsEnvironment"/>
    <property name="os.arch" value="amd64"/>
    <property name="SystemRoot" value="C:\Windows"/>
    <property name="java.ext.dirs" value="C:\Program Files\Java\jdk\lib\ext;C:\Windows\Sun\Java\lib\ext"/>
    <property name="user.dir" value="E:\Pratibha_selenium\workspace\Test1"/>
    <property name="JOB_URL" value="http://localhost:8080/job/25july/"/>
    <property name="GOOGLE_DEFAULT_CLIENT_ID" value="no"/>
    <property name="LOGONSERVER" value="\\DESKTOP-PGAU3N8"/>
    <property name="USERDOMAIN" value="DESKTOP-PGAU3N8"/>
    <property name="line.separator" value="&#10;"/>
    <property name="MAVEN_HOME" value="C:\Users\The Lord\.jenkins\tools\hudson.tasks.Maven_MavenInstallation\F_Pratibha_seleniumandRestAssuredandAPI_apache-maven-3.6.3-bin_apache-maven-3.6.3"/>
    <property name="java.vm.name" value="Java HotSpot(TM) 64-Bit Server VM"/>
    <property name="BUILD_NUMBER" value="16"/>
    <property name="JENKINS_URL" value="http://localhost:8080/"/>
    <property name="PROCESSOR_REVISION" value="4501"/>
    <property name="ProgramW6432" value="C:\Program Files"/>
    <property name="windir" value="C:\Windows"/>
    <property name="=C:" value="C:\Users\The Lord"/>
    <property name="file.encoding" value="Cp1252"/>
    <property name="SystemDrive" value="C:"/>
    <property name="maven3.interceptor" value="C:\Users\The Lord\.jenkins\plugins\maven-plugin\WEB-INF\lib\maven35-interceptor-1.13.jar"/>
    <property name="WORKSPACE" value="C:\Users\The Lord\.jenkins\workspace\25july"/>
    <property name="maven3.interceptor.common" value="C:\Users\The Lord\.jenkins\plugins\maven-plugin\WEB-INF\lib\maven3-interceptor-commons-1.13.jar"/>
    <property name="java.specification.version" value="1.8"/>
    <property name="PSModulePath" value="C:\Windows\system32\WindowsPowerShell\v1.0\Modules\"/>
  </properties>
  <testcase name="a" classname="RandEmail.randomemail" time="37.04"/>
</testsuite>