<?xml version="1.0" encoding="UTF-8"?>
<!-- Generated by org.testng.reporters.JUnitReportReporter -->
<testsuite hostname="DESKTOP-PGAU3N8" name="RandEmail.randomemail" tests="1" failures="0" timestamp="26 Jul 2020 09:26:14 GMT" time="37.014" errors="0">
  <testcase name="a" time="37.014" classname="RandEmail.randomemail"/>
</testsuite> <!-- RandEmail.randomemail -->
